# Copyright (c) 2003-2009 Nokia Corporation and/or its subsidiary(-ies).
# All rights reserved.
# This component and the accompanying materials are made available
# under the terms of "Eclipse Public License v1.0"
# which accompanies this distribution, and is available
# at the URL "http://www.eclipse.org/legal/epl-v10.html".
#
# Initial Contributors:
# Nokia Corporation - initial contribution.
#
# Contributors:
#
# Description:
# 
#
#

component	usb_manager

source	\sf\os\usb\usbmgmt\usbmgr\device
source	\sf\os\usb\usbmgmt\usbmgr\group
source	\sf\os\usb\usbmgmt\usbmgr\logger
source	\sf\os\usb\usbmgmt\usbmgr\test
source	\sf\os\usb\usbmgmt\usbmgr\inifile
source	\sf\os\usb\usbmgmt\usbmgr\host
source	\sf\os\usb\usbmgmt\usbmgr\usbman
source	\sf\os\usb\usbmgmt\usbmgr\conf

binary	\sf\os\usb\usbmgmt\usbmgr\group	all

exports	\sf\os\usb\usbmgmt\usbmgr\group

notes_source	\component_defs\release.src



ipr E 
ipr T \sf\os\usb\usbmgmt\usbmgr\test
ipr T \sf\os\usb\usbmgmt\usbmgr\usbman\chargingplugin
ipr T \sf\os\usb\usbmgmt\usbmgr\device\classdrivers\obex
ipr T \sf\os\usb\usbmgmt\usbmgr\host\fdf\test
ipr T \sf\os\usb\usbmgmt\usbmgr\host\fdf\reference
ipr T \sf\os\usb\usbmgmt\usbmgr\host\functiondrivers\ms\msmm\referencepolicyplugin
ipr T \sf\os\usb\usbmgmt\usbmgr\host\functiondrivers\ms\msmm\refppnotifier
ipr T \sf\os\usb\usbmgmt\usbmgr\host\functiondrivers\ms\msmm\test

